The system is: Linux - 4.15.0-30deepin-generic - x86_64
Compiling the C compiler identification source file "CMakeCCompilerId.c" succeeded.
Compiler: /usr/bin/clang 
Build flags: 
Id flags:  

The output was:
0


Compilation of the C compiler identification source "CMakeCCompilerId.c" produced "a.out"

The C compiler identification is Clang, found in "/home/adam/data/framework-demo/c-redis-client-demo/cmake-build-debug/CMakeFiles/3.10.3/CompilerIdC/a.out"

Determining if the C compiler works passed with the following output:
Change Dir: /home/adam/data/framework-demo/c-redis-client-demo/cmake-build-debug/CMakeFiles/CMakeTmp

Run Build Command:"/usr/bin/make" "cmTC_fad3d/fast"
/usr/bin/make -f CMakeFiles/cmTC_fad3d.dir/build.make CMakeFiles/cmTC_fad3d.dir/build
make[1]: Entering directory '/home/adam/data/framework-demo/c-redis-client-demo/cmake-build-debug/CMakeFiles/CMakeTmp'
Building C object CMakeFiles/cmTC_fad3d.dir/testCCompiler.c.o
/usr/bin/clang    -o CMakeFiles/cmTC_fad3d.dir/testCCompiler.c.o   -c /home/adam/data/framework-demo/c-redis-client-demo/cmake-build-debug/CMakeFiles/CMakeTmp/testCCompiler.c
Linking C executable cmTC_fad3d
/home/adam/software/clion-2018.1.2/bin/cmake/bin/cmake -E cmake_link_script CMakeFiles/cmTC_fad3d.dir/link.txt --verbose=1
/usr/bin/clang      CMakeFiles/cmTC_fad3d.dir/testCCompiler.c.o  -o cmTC_fad3d 
make[1]: Leaving directory '/home/adam/data/framework-demo/c-redis-client-demo/cmake-build-debug/CMakeFiles/CMakeTmp'


Detecting C compiler ABI info compiled with the following output:
Change Dir: /home/adam/data/framework-demo/c-redis-client-demo/cmake-build-debug/CMakeFiles/CMakeTmp

Run Build Command:"/usr/bin/make" "cmTC_bcaa1/fast"
/usr/bin/make -f CMakeFiles/cmTC_bcaa1.dir/build.make CMakeFiles/cmTC_bcaa1.dir/build
make[1]: Entering directory '/home/adam/data/framework-demo/c-redis-client-demo/cmake-build-debug/CMakeFiles/CMakeTmp'
Building C object CMakeFiles/cmTC_bcaa1.dir/CMakeCCompilerABI.c.o
/usr/bin/clang    -o CMakeFiles/cmTC_bcaa1.dir/CMakeCCompilerABI.c.o   -c /home/adam/software/clion-2018.1.2/bin/cmake/share/cmake-3.10/Modules/CMakeCCompilerABI.c
Linking C executable cmTC_bcaa1
/home/adam/software/clion-2018.1.2/bin/cmake/bin/cmake -E cmake_link_script CMakeFiles/cmTC_bcaa1.dir/link.txt --verbose=1
/usr/bin/clang     -v CMakeFiles/cmTC_bcaa1.dir/CMakeCCompilerABI.c.o  -o cmTC_bcaa1 
clang version 3.8.1-24 (tags/RELEASE_381/final)
Target: x86_64-pc-linux-gnu
Thread model: posix
InstalledDir: /usr/bin
Found candidate GCC installation: /usr/bin/../lib/gcc/i686-linux-gnu/6.3.0
Found candidate GCC installation: /usr/bin/../lib/gcc/x86_64-linux-gnu/6.3.0
Found candidate GCC installation: /usr/lib/gcc/i686-linux-gnu/6.3.0
Found candidate GCC installation: /usr/lib/gcc/x86_64-linux-gnu/6.3.0
Selected GCC installation: /usr/bin/../lib/gcc/x86_64-linux-gnu/6.3.0
Candidate multilib: .;@m64
Selected multilib: .;@m64
 "/usr/bin/ld" --eh-frame-hdr -m elf_x86_64 -dynamic-linker /lib64/ld-linux-x86-64.so.2 -o cmTC_bcaa1 /usr/bin/../lib/gcc/x86_64-linux-gnu/6.3.0/../../../x86_64-linux-gnu/crt1.o /usr/bin/../lib/gcc/x86_64-linux-gnu/6.3.0/../../../x86_64-linux-gnu/crti.o /usr/bin/../lib/gcc/x86_64-linux-gnu/6.3.0/crtbegin.o -L/usr/bin/../lib/gcc/x86_64-linux-gnu/6.3.0 -L/usr/bin/../lib/gcc/x86_64-linux-gnu/6.3.0/../../../x86_64-linux-gnu -L/usr/bin/../lib/gcc/x86_64-linux-gnu/6.3.0/../../../../lib64 -L/lib/x86_64-linux-gnu -L/lib/../lib64 -L/usr/lib/x86_64-linux-gnu -L/usr/lib/../lib64 -L/usr/lib/x86_64-linux-gnu/../../lib64 -L/usr/bin/../lib/gcc/x86_64-linux-gnu/6.3.0/../../.. -L/usr/lib/llvm-3.8/bin/../lib -L/lib -L/usr/lib CMakeFiles/cmTC_bcaa1.dir/CMakeCCompilerABI.c.o -lgcc --as-needed -lgcc_s --no-as-needed -lc -lgcc --as-needed -lgcc_s --no-as-needed /usr/bin/../lib/gcc/x86_64-linux-gnu/6.3.0/crtend.o /usr/bin/../lib/gcc/x86_64-linux-gnu/6.3.0/../../../x86_64-linux-gnu/crtn.o
make[1]: Leaving directory '/home/adam/data/framework-demo/c-redis-client-demo/cmake-build-debug/CMakeFiles/CMakeTmp'


Parsed C implicit link information from above output:
  link line regex: [^( *|.*[/\])(ld|CMAKE_LINK_STARTFILE-NOTFOUND|([^/\]+-)?ld|collect2)[^/\]*( |$)]
  ignore line: [Change Dir: /home/adam/data/framework-demo/c-redis-client-demo/cmake-build-debug/CMakeFiles/CMakeTmp]
  ignore line: []
  ignore line: [Run Build Command:"/usr/bin/make" "cmTC_bcaa1/fast"]
  ignore line: [/usr/bin/make -f CMakeFiles/cmTC_bcaa1.dir/build.make CMakeFiles/cmTC_bcaa1.dir/build]
  ignore line: [make[1]: Entering directory '/home/adam/data/framework-demo/c-redis-client-demo/cmake-build-debug/CMakeFiles/CMakeTmp']
  ignore line: [Building C object CMakeFiles/cmTC_bcaa1.dir/CMakeCCompilerABI.c.o]
  ignore line: [/usr/bin/clang    -o CMakeFiles/cmTC_bcaa1.dir/CMakeCCompilerABI.c.o   -c /home/adam/software/clion-2018.1.2/bin/cmake/share/cmake-3.10/Modules/CMakeCCompilerABI.c]
  ignore line: [Linking C executable cmTC_bcaa1]
  ignore line: [/home/adam/software/clion-2018.1.2/bin/cmake/bin/cmake -E cmake_link_script CMakeFiles/cmTC_bcaa1.dir/link.txt --verbose=1]
  ignore line: [/usr/bin/clang     -v CMakeFiles/cmTC_bcaa1.dir/CMakeCCompilerABI.c.o  -o cmTC_bcaa1 ]
  ignore line: [clang version 3.8.1-24 (tags/RELEASE_381/final)]
  ignore line: [Target: x86_64-pc-linux-gnu]
  ignore line: [Thread model: posix]
  ignore line: [InstalledDir: /usr/bin]
  ignore line: [Found candidate GCC installation: /usr/bin/../lib/gcc/i686-linux-gnu/6.3.0]
  ignore line: [Found candidate GCC installation: /usr/bin/../lib/gcc/x86_64-linux-gnu/6.3.0]
  ignore line: [Found candidate GCC installation: /usr/lib/gcc/i686-linux-gnu/6.3.0]
  ignore line: [Found candidate GCC installation: /usr/lib/gcc/x86_64-linux-gnu/6.3.0]
  ignore line: [Selected GCC installation: /usr/bin/../lib/gcc/x86_64-linux-gnu/6.3.0]
  ignore line: [Candidate multilib: .]
  ignore line: [@m64]
  ignore line: [Selected multilib: .]
  ignore line: [@m64]
  link line: [ "/usr/bin/ld" --eh-frame-hdr -m elf_x86_64 -dynamic-linker /lib64/ld-linux-x86-64.so.2 -o cmTC_bcaa1 /usr/bin/../lib/gcc/x86_64-linux-gnu/6.3.0/../../../x86_64-linux-gnu/crt1.o /usr/bin/../lib/gcc/x86_64-linux-gnu/6.3.0/../../../x86_64-linux-gnu/crti.o /usr/bin/../lib/gcc/x86_64-linux-gnu/6.3.0/crtbegin.o -L/usr/bin/../lib/gcc/x86_64-linux-gnu/6.3.0 -L/usr/bin/../lib/gcc/x86_64-linux-gnu/6.3.0/../../../x86_64-linux-gnu -L/usr/bin/../lib/gcc/x86_64-linux-gnu/6.3.0/../../../../lib64 -L/lib/x86_64-linux-gnu -L/lib/../lib64 -L/usr/lib/x86_64-linux-gnu -L/usr/lib/../lib64 -L/usr/lib/x86_64-linux-gnu/../../lib64 -L/usr/bin/../lib/gcc/x86_64-linux-gnu/6.3.0/../../.. -L/usr/lib/llvm-3.8/bin/../lib -L/lib -L/usr/lib CMakeFiles/cmTC_bcaa1.dir/CMakeCCompilerABI.c.o -lgcc --as-needed -lgcc_s --no-as-needed -lc -lgcc --as-needed -lgcc_s --no-as-needed /usr/bin/../lib/gcc/x86_64-linux-gnu/6.3.0/crtend.o /usr/bin/../lib/gcc/x86_64-linux-gnu/6.3.0/../../../x86_64-linux-gnu/crtn.o]
    arg [/usr/bin/ld] ==> ignore
    arg [--eh-frame-hdr] ==> ignore
    arg [-m] ==> ignore
    arg [elf_x86_64] ==> ignore
    arg [-dynamic-linker] ==> ignore
    arg [/lib64/ld-linux-x86-64.so.2] ==> ignore
    arg [-o] ==> ignore
    arg [cmTC_bcaa1] ==> ignore
    arg [/usr/bin/../lib/gcc/x86_64-linux-gnu/6.3.0/../../../x86_64-linux-gnu/crt1.o] ==> ignore
    arg [/usr/bin/../lib/gcc/x86_64-linux-gnu/6.3.0/../../../x86_64-linux-gnu/crti.o] ==> ignore
    arg [/usr/bin/../lib/gcc/x86_64-linux-gnu/6.3.0/crtbegin.o] ==> ignore
    arg [-L/usr/bin/../lib/gcc/x86_64-linux-gnu/6.3.0] ==> dir [/usr/bin/../lib/gcc/x86_64-linux-gnu/6.3.0]
    arg [-L/usr/bin/../lib/gcc/x86_64-linux-gnu/6.3.0/../../../x86_64-linux-gnu] ==> dir [/usr/bin/../lib/gcc/x86_64-linux-gnu/6.3.0/../../../x86_64-linux-gnu]
    arg [-L/usr/bin/../lib/gcc/x86_64-linux-gnu/6.3.0/../../../../lib64] ==> dir [/usr/bin/../lib/gcc/x86_64-linux-gnu/6.3.0/../../../../lib64]
    arg [-L/lib/x86_64-linux-gnu] ==> dir [/lib/x86_64-linux-gnu]
    arg [-L/lib/../lib64] ==> dir [/lib/../lib64]
    arg [-L/usr/lib/x86_64-linux-gnu] ==> dir [/usr/lib/x86_64-linux-gnu]
    arg [-L/usr/lib/../lib64] ==> dir [/usr/lib/../lib64]
    arg [-L/usr/lib/x86_64-linux-gnu/../../lib64] ==> dir [/usr/lib/x86_64-linux-gnu/../../lib64]
    arg [-L/usr/bin/../lib/gcc/x86_64-linux-gnu/6.3.0/../../..] ==> dir [/usr/bin/../lib/gcc/x86_64-linux-gnu/6.3.0/../../..]
    arg [-L/usr/lib/llvm-3.8/bin/../lib] ==> dir [/usr/lib/llvm-3.8/bin/../lib]
    arg [-L/lib] ==> dir [/lib]
    arg [-L/usr/lib] ==> dir [/usr/lib]
    arg [CMakeFiles/cmTC_bcaa1.dir/CMakeCCompilerABI.c.o] ==> ignore
    arg [-lgcc] ==> lib [gcc]
    arg [--as-needed] ==> ignore
    arg [-lgcc_s] ==> lib [gcc_s]
    arg [--no-as-needed] ==> ignore
    arg [-lc] ==> lib [c]
    arg [-lgcc] ==> lib [gcc]
    arg [--as-needed] ==> ignore
    arg [-lgcc_s] ==> lib [gcc_s]
    arg [--no-as-needed] ==> ignore
    arg [/usr/bin/../lib/gcc/x86_64-linux-gnu/6.3.0/crtend.o] ==> ignore
    arg [/usr/bin/../lib/gcc/x86_64-linux-gnu/6.3.0/../../../x86_64-linux-gnu/crtn.o] ==> ignore
  collapse library dir [/usr/bin/../lib/gcc/x86_64-linux-gnu/6.3.0] ==> [/usr/lib/gcc/x86_64-linux-gnu/6.3.0]
  collapse library dir [/usr/bin/../lib/gcc/x86_64-linux-gnu/6.3.0/../../../x86_64-linux-gnu] ==> [/usr/lib/x86_64-linux-gnu]
  collapse library dir [/usr/bin/../lib/gcc/x86_64-linux-gnu/6.3.0/../../../../lib64] ==> [/usr/lib64]
  collapse library dir [/lib/x86_64-linux-gnu] ==> [/lib/x86_64-linux-gnu]
  collapse library dir [/lib/../lib64] ==> [/lib64]
  collapse library dir [/usr/lib/x86_64-linux-gnu] ==> [/usr/lib/x86_64-linux-gnu]
  collapse library dir [/usr/lib/../lib64] ==> [/usr/lib64]
  collapse library dir [/usr/lib/x86_64-linux-gnu/../../lib64] ==> [/usr/lib64]
  collapse library dir [/usr/bin/../lib/gcc/x86_64-linux-gnu/6.3.0/../../..] ==> [/usr/lib]
  collapse library dir [/usr/lib/llvm-3.8/bin/../lib] ==> [/usr/lib/llvm-3.8/lib]
  collapse library dir [/lib] ==> [/lib]
  collapse library dir [/usr/lib] ==> [/usr/lib]
  implicit libs: [gcc;gcc_s;c;gcc;gcc_s]
  implicit dirs: [/usr/lib/gcc/x86_64-linux-gnu/6.3.0;/usr/lib/x86_64-linux-gnu;/usr/lib64;/lib/x86_64-linux-gnu;/lib64;/usr/lib;/usr/lib/llvm-3.8/lib;/lib]
  implicit fwks: []




Detecting C [-std=c11] compiler features compiled with the following output:
Change Dir: /home/adam/data/framework-demo/c-redis-client-demo/cmake-build-debug/CMakeFiles/CMakeTmp

Run Build Command:"/usr/bin/make" "cmTC_273b5/fast"
/usr/bin/make -f CMakeFiles/cmTC_273b5.dir/build.make CMakeFiles/cmTC_273b5.dir/build
make[1]: Entering directory '/home/adam/data/framework-demo/c-redis-client-demo/cmake-build-debug/CMakeFiles/CMakeTmp'
Building C object CMakeFiles/cmTC_273b5.dir/feature_tests.c.o
/usr/bin/clang   -std=c11 -o CMakeFiles/cmTC_273b5.dir/feature_tests.c.o   -c /home/adam/data/framework-demo/c-redis-client-demo/cmake-build-debug/CMakeFiles/feature_tests.c
Linking C executable cmTC_273b5
/home/adam/software/clion-2018.1.2/bin/cmake/bin/cmake -E cmake_link_script CMakeFiles/cmTC_273b5.dir/link.txt --verbose=1
/usr/bin/clang      CMakeFiles/cmTC_273b5.dir/feature_tests.c.o  -o cmTC_273b5 
make[1]: Leaving directory '/home/adam/data/framework-demo/c-redis-client-demo/cmake-build-debug/CMakeFiles/CMakeTmp'


    Feature record: C_FEATURE:1c_function_prototypes
    Feature record: C_FEATURE:1c_restrict
    Feature record: C_FEATURE:1c_static_assert
    Feature record: C_FEATURE:1c_variadic_macros


Detecting C [-std=c99] compiler features compiled with the following output:
Change Dir: /home/adam/data/framework-demo/c-redis-client-demo/cmake-build-debug/CMakeFiles/CMakeTmp

Run Build Command:"/usr/bin/make" "cmTC_f6b13/fast"
/usr/bin/make -f CMakeFiles/cmTC_f6b13.dir/build.make CMakeFiles/cmTC_f6b13.dir/build
make[1]: Entering directory '/home/adam/data/framework-demo/c-redis-client-demo/cmake-build-debug/CMakeFiles/CMakeTmp'
Building C object CMakeFiles/cmTC_f6b13.dir/feature_tests.c.o
/usr/bin/clang   -std=c99 -o CMakeFiles/cmTC_f6b13.dir/feature_tests.c.o   -c /home/adam/data/framework-demo/c-redis-client-demo/cmake-build-debug/CMakeFiles/feature_tests.c
Linking C executable cmTC_f6b13
/home/adam/software/clion-2018.1.2/bin/cmake/bin/cmake -E cmake_link_script CMakeFiles/cmTC_f6b13.dir/link.txt --verbose=1
/usr/bin/clang      CMakeFiles/cmTC_f6b13.dir/feature_tests.c.o  -o cmTC_f6b13 
make[1]: Leaving directory '/home/adam/data/framework-demo/c-redis-client-demo/cmake-build-debug/CMakeFiles/CMakeTmp'


    Feature record: C_FEATURE:1c_function_prototypes
    Feature record: C_FEATURE:1c_restrict
    Feature record: C_FEATURE:0c_static_assert
    Feature record: C_FEATURE:1c_variadic_macros


Detecting C [-std=c90] compiler features compiled with the following output:
Change Dir: /home/adam/data/framework-demo/c-redis-client-demo/cmake-build-debug/CMakeFiles/CMakeTmp

Run Build Command:"/usr/bin/make" "cmTC_75242/fast"
/usr/bin/make -f CMakeFiles/cmTC_75242.dir/build.make CMakeFiles/cmTC_75242.dir/build
make[1]: Entering directory '/home/adam/data/framework-demo/c-redis-client-demo/cmake-build-debug/CMakeFiles/CMakeTmp'
Building C object CMakeFiles/cmTC_75242.dir/feature_tests.c.o
/usr/bin/clang   -std=c90 -o CMakeFiles/cmTC_75242.dir/feature_tests.c.o   -c /home/adam/data/framework-demo/c-redis-client-demo/cmake-build-debug/CMakeFiles/feature_tests.c
Linking C executable cmTC_75242
/home/adam/software/clion-2018.1.2/bin/cmake/bin/cmake -E cmake_link_script CMakeFiles/cmTC_75242.dir/link.txt --verbose=1
/usr/bin/clang      CMakeFiles/cmTC_75242.dir/feature_tests.c.o  -o cmTC_75242 
make[1]: Leaving directory '/home/adam/data/framework-demo/c-redis-client-demo/cmake-build-debug/CMakeFiles/CMakeTmp'


    Feature record: C_FEATURE:1c_function_prototypes
    Feature record: C_FEATURE:0c_restrict
    Feature record: C_FEATURE:0c_static_assert
    Feature record: C_FEATURE:0c_variadic_macros
